<?xml version="1.0" encoding="UTF-8"?>
<testng-results ignored="0" total="1" passed="1" failed="0" skipped="0">
  <reporter-output>
  </reporter-output>
  <suite started-at="2020-04-21T15:18:33 EDT" name="Default suite" finished-at="2020-04-21T15:18:49 EDT" duration-ms="15748">
    <groups>
    </groups>
    <test started-at="2020-04-21T15:18:33 EDT" name="Default test" finished-at="2020-04-21T15:18:49 EDT" duration-ms="15748">
      <class name="tests.ExampleTest">
        <test-method signature="selectDisplayAndStartScript()[pri:0, instance:tests.ExampleTest@23529fee]" started-at="2020-04-21T15:18:33 EDT" name="selectDisplayAndStartScript" finished-at="2020-04-21T15:18:49 EDT" duration-ms="15725" status="PASS">
          <reporter-output>
          </reporter-output>
        </test-method> <!-- selectDisplayAndStartScript -->
      </class> <!-- tests.ExampleTest -->
    </test> <!-- Default test -->
  </suite> <!-- Default suite -->
</testng-results>
